<log>
 <error level="error" id="err_ref_non_value" file="C:\Program Files\Microsoft Visual Studio 14.0\VC\include\type_traits" line="524" col="45" msg="&apos;_To&apos; does not refer to a value" />
 <error level="error" id="err_ref_non_value" file="C:\Program Files\Microsoft Visual Studio 14.0\VC\include\type_traits" line="524" col="50" msg="&apos;_From&apos; does not refer to a value" />
 <error level="error" id="err_expected_class_name" file="C:\Program Files\Microsoft Visual Studio 14.0\VC\include\type_traits" line="525" col="2" msg="expected class name" />
 <error level="error" id="err_expected_after" file="C:\Program Files\Microsoft Visual Studio 14.0\VC\include\type_traits" line="1245" col="50" msg="expected &apos;;&apos; after alias declaration" />
 <error level="error" id="err_no_template_suggest" file="C:\Program Files\Microsoft Visual Studio 14.0\VC\include\type_traits" line="1252" col="30" msg="no template named &apos;make_integer_sequence&apos;; did you mean &apos;integer_sequence&apos;?" />
 <error level="error" id="err_unexpected_typedef" file="C:\Program Files\Microsoft Visual Studio 14.0\VC\include\tuple" line="368" col="26" msg="unexpected type name &apos;size_t&apos;: expected expression" />
 <error level="error" id="err_init_list_bin_op" file="C:\Program Files\Microsoft Visual Studio 14.0\VC\include\tuple" line="368" col="77" msg="initializer list cannot be used on the right hand side of operator &apos;&gt;&apos;" />
 <error level="error" id="err_no_template_suggest" file="C:\Program Files\Microsoft Visual Studio 14.0\VC\include\tuple" line="1096" col="5" msg="no template named &apos;make_integer_sequence&apos;; did you mean &apos;make_index_sequence&apos;?" />
 <error level="error" id="err_template_arg_must_be_expr" file="C:\Program Files\Microsoft Visual Studio 14.0\VC\include\tuple" line="1096" col="27" msg="template argument for non-type template parameter must be an expression" />
 <error level="error" id="err_expected_class_name" file="C:\Program Files\Microsoft Visual Studio 14.0\VC\include\tuple" line="1098" col="35" msg="expected class name" />
 <error level="error" id="err_expected_class_name" file="C:\Program Files\Microsoft Visual Studio 14.0\VC\include\tuple" line="1099" col="4" msg="expected class name" />
 <error level="error" id="err_expected_lbrace_after_base_specifiers" file="C:\Program Files\Microsoft Visual Studio 14.0\VC\include\tuple" line="1100" col="12" msg="expected &apos;{&apos; after base class list" />
 <error level="error" id="err_expected_after" file="C:\Program Files\Microsoft Visual Studio 14.0\VC\include\tuple" line="1100" col="12" msg="expected &apos;;&apos; after struct" />
 <error level="error" id="err_expected_unqualified_id" file="C:\Program Files\Microsoft Visual Studio 14.0\VC\include\tuple" line="1100" col="12" msg="expected unqualified-id" />
 <error level="error" id="err_no_template_suggest" file="C:\Program Files\Microsoft Visual Studio 14.0\VC\include\tuple" line="1161" col="3" msg="no template named &apos;make_integer_sequence&apos;; did you mean &apos;make_index_sequence&apos;?" />
 <error level="error" id="err_template_arg_must_be_expr" file="C:\Program Files\Microsoft Visual Studio 14.0\VC\include\tuple" line="1161" col="25" msg="template argument for non-type template parameter must be an expression" />
 <error level="error" id="err_undeclared_var_use" file="C:\Program Files\Microsoft Visual Studio 14.0\VC\include\tuple" line="1194" col="4" msg="use of undeclared identifier &apos;make_integer_sequence&apos;" />
 <error level="error" id="err_unexpected_typedef" file="C:\Program Files\Microsoft Visual Studio 14.0\VC\include\tuple" line="1194" col="26" msg="unexpected type name &apos;size_t&apos;: expected expression" />
 <error level="error" id="err_expected_expression" file="C:\Program Files\Microsoft Visual Studio 14.0\VC\include\tuple" line="1194" col="54" msg="expected expression" />
 <error level="error" id="err_undeclared_var_use" file="C:\Program Files\Microsoft Visual Studio 14.0\VC\include\tuple" line="1195" col="4" msg="use of undeclared identifier &apos;make_integer_sequence&apos;" />
 <error level="error" id="err_unexpected_typedef" file="C:\Program Files\Microsoft Visual Studio 14.0\VC\include\tuple" line="1195" col="26" msg="unexpected type name &apos;size_t&apos;: expected expression" />
 <error level="error" id="err_expected_expression" file="C:\Program Files\Microsoft Visual Studio 14.0\VC\include\tuple" line="1195" col="54" msg="expected expression" />
 <error level="error" id="err_no_template_suggest" file="C:\Program Files\Microsoft Visual Studio 14.0\VC\include\functional" line="773" col="4" msg="no template named &apos;make_integer_sequence&apos;; did you mean &apos;make_index_sequence&apos;?" />
 <error level="error" id="err_template_arg_must_be_expr" file="C:\Program Files\Microsoft Visual Studio 14.0\VC\include\functional" line="773" col="26" msg="template argument for non-type template parameter must be an expression" />
 <error level="error" id="err_undeclared_var_use" file="C:\Program Files\Microsoft Visual Studio 14.0\VC\include\functional" line="776" col="4" msg="use of undeclared identifier &apos;make_integer_sequence&apos;" />
 <error level="error" id="err_unexpected_typedef" file="C:\Program Files\Microsoft Visual Studio 14.0\VC\include\functional" line="776" col="26" msg="unexpected type name &apos;size_t&apos;: expected expression" />
 <error level="error" id="err_expected_expression" file="C:\Program Files\Microsoft Visual Studio 14.0\VC\include\functional" line="776" col="63" msg="expected expression" />
 <error level="error" id="err_no_template_suggest" file="C:\Program Files\Microsoft Visual Studio 14.0\VC\include\functional" line="856" col="10" msg="no template named &apos;make_integer_sequence&apos;; did you mean &apos;make_index_sequence&apos;?" />
 <error level="error" id="err_template_arg_must_be_expr" file="C:\Program Files\Microsoft Visual Studio 14.0\VC\include\functional" line="856" col="32" msg="template argument for non-type template parameter must be an expression" />
 <error level="error" id="err_undeclared_var_use" file="C:\Program Files\Microsoft Visual Studio 14.0\VC\include\thr/xthread" line="248" col="4" msg="use of undeclared identifier &apos;make_integer_sequence&apos;" />
 <error level="error" id="err_unexpected_typedef" file="C:\Program Files\Microsoft Visual Studio 14.0\VC\include\thr/xthread" line="248" col="26" msg="unexpected type name &apos;size_t&apos;: expected expression" />
 <error level="error" id="err_expected_expression" file="C:\Program Files\Microsoft Visual Studio 14.0\VC\include\thr/xthread" line="249" col="56" msg="expected expression" />
 <error level="error" id="err_no_template_suggest" file="C:\Program Files\Microsoft Visual Studio 14.0\VC\include\mutex" line="476" col="58" msg="no template named &apos;make_integer_sequence&apos;; did you mean &apos;make_index_sequence&apos;?" />
 <error level="error" id="err_template_arg_must_be_expr" file="C:\Program Files\Microsoft Visual Studio 14.0\VC\include\mutex" line="476" col="80" msg="template argument for non-type template parameter must be an expression" />
 <error level="error" id="err_no_template_suggest" file="C:\Program Files\Microsoft Visual Studio 14.0\VC\include\mutex" line="478" col="53" msg="no template named &apos;make_integer_sequence&apos;; did you mean &apos;make_index_sequence&apos;?" />
 <error level="error" id="err_template_arg_must_be_expr" file="C:\Program Files\Microsoft Visual Studio 14.0\VC\include\mutex" line="478" col="75" msg="template argument for non-type template parameter must be an expression" />
 <error level="error" id="err_no_template_suggest" file="C:\Program Files\Microsoft Visual Studio 14.0\VC\include\mutex" line="512" col="10" msg="no template named &apos;make_integer_sequence&apos;; did you mean &apos;make_index_sequence&apos;?" />
 <error level="error" id="err_template_arg_must_be_expr" file="C:\Program Files\Microsoft Visual Studio 14.0\VC\include\mutex" line="512" col="32" msg="template argument for non-type template parameter must be an expression" />
 <error level="warning" id="warn_using_directive_in_header" file="C:\Users\Erik\documents\visual studio 2015\Projects\building_bridges\Test_All/../Timer.h" line="14" col="17" msg="using namespace directive in global context in header" />
 <error level="warning" id="warn_using_directive_in_header" file="C:\Users\Erik\documents\visual studio 2015\Projects\building_bridges\Test_All/../HashDot.h" line="9" col="17" msg="using namespace directive in global context in header" />
 <error level="error" id="err_undeclared_var_use" file="C:\Users\Erik\documents\visual studio 2015\Projects\building_bridges\Test_All/../Matrix.h" line="64" col="25" msg="use of undeclared identifier &apos;m&apos;" />
 <error level="error" id="err_undeclared_var_use" file="C:\Users\Erik\documents\visual studio 2015\Projects\building_bridges\Test_All/../Matrix.h" line="98" col="25" msg="use of undeclared identifier &apos;m&apos;" />
 <error level="error" id="err_undeclared_var_use" file="C:\Users\Erik\documents\visual studio 2015\Projects\building_bridges\Test_All/../Matrix.h" line="99" col="29" msg="use of undeclared identifier &apos;m&apos;" />
 <error level="error" id="err_undeclared_var_use" file="C:\Users\Erik\documents\visual studio 2015\Projects\building_bridges\Test_All/../Matrix.h" line="145" col="25" msg="use of undeclared identifier &apos;m&apos;" />
 <error level="error" id="err_undeclared_var_use" file="C:\Users\Erik\documents\visual studio 2015\Projects\building_bridges\Test_All/../Matrix.h" line="147" col="29" msg="use of undeclared identifier &apos;m&apos;" />
 <error level="error" id="err_undeclared_var_use" file="C:\Users\Erik\documents\visual studio 2015\Projects\building_bridges\Test_All/../Matrix.h" line="169" col="25" msg="use of undeclared identifier &apos;m&apos;" />
 <error level="error" id="err_undeclared_var_use" file="C:\Users\Erik\documents\visual studio 2015\Projects\building_bridges\Test_All/../Matrix.h" line="171" col="29" msg="use of undeclared identifier &apos;m&apos;" />
 <error level="error" id="err_undeclared_var_use" file="C:\Users\Erik\documents\visual studio 2015\Projects\building_bridges\Test_All/../Matrix.h" line="258" col="22" msg="use of undeclared identifier &apos;m&apos;" />
 <error level="error" id="err_undeclared_var_use" file="C:\Users\Erik\documents\visual studio 2015\Projects\building_bridges\Test_All/../Matrix.h" line="280" col="13" msg="use of undeclared identifier &apos;m&apos;" />
 <error level="error" id="err_undeclared_var_use" file="C:\Users\Erik\documents\visual studio 2015\Projects\building_bridges\Test_All/../Matrix.h" line="281" col="13" msg="use of undeclared identifier &apos;m&apos;" />
 <error level="error" id="err_undeclared_var_use" file="C:\Users\Erik\documents\visual studio 2015\Projects\building_bridges\Test_All/../Matrix.h" line="284" col="12" msg="use of undeclared identifier &apos;m&apos;" />
 <error level="error" id="err_undeclared_var_use" file="C:\Users\Erik\documents\visual studio 2015\Projects\building_bridges\Test_All/../Matrix.h" line="286" col="16" msg="use of undeclared identifier &apos;m&apos;" />
 <error level="error" id="err_undeclared_var_use" file="C:\Users\Erik\documents\visual studio 2015\Projects\building_bridges\Test_All/../Matrix.h" line="353" col="50" msg="use of undeclared identifier &apos;symmetric_corner_inners&apos;" />
 <error level="error" id="err_undeclared_var_use" file="C:\Users\Erik\documents\visual studio 2015\Projects\building_bridges\Test_All/../Matrix.h" line="354" col="27" msg="use of undeclared identifier &apos;symmetric_corner_inners&apos;" />
 <error level="error" id="err_undeclared_var_use" file="C:\Users\Erik\documents\visual studio 2015\Projects\building_bridges\Test_All/../Matrix.h" line="354" col="67" msg="use of undeclared identifier &apos;symmetric_corner_inners&apos;" />
 <error level="error" id="err_undeclared_var_use" file="C:\Users\Erik\documents\visual studio 2015\Projects\building_bridges\Test_All/../Matrix.h" line="354" col="125" msg="use of undeclared identifier &apos;symmetric_corner_inners&apos;" />
 <error level="error" id="err_undeclared_var_use" file="C:\Users\Erik\documents\visual studio 2015\Projects\building_bridges\Test_All/../Matrix.h" line="356" col="13" msg="use of undeclared identifier &apos;m&apos;" />
 <error level="error" id="err_undeclared_var_use" file="C:\Users\Erik\documents\visual studio 2015\Projects\building_bridges\Test_All/../Matrix.h" line="357" col="17" msg="use of undeclared identifier &apos;m&apos;" />
 <error level="error" id="err_undeclared_var_use" file="C:\Users\Erik\documents\visual studio 2015\Projects\building_bridges\Test_All/../Matrix.h" line="360" col="9" msg="use of undeclared identifier &apos;m&apos;" />
 <error level="error" id="err_undeclared_var_use" file="C:\Users\Erik\documents\visual studio 2015\Projects\building_bridges\Test_All/../Matrix.h" line="361" col="9" msg="use of undeclared identifier &apos;m&apos;" />
 <error level="error" id="err_undeclared_var_use" file="C:\Users\Erik\documents\visual studio 2015\Projects\building_bridges\Test_All/../Matrix.h" line="362" col="13" msg="use of undeclared identifier &apos;m&apos;" />
 <error level="error" id="err_undeclared_var_use" file="C:\Users\Erik\documents\visual studio 2015\Projects\building_bridges\Test_All/../Matrix.h" line="366" col="5" msg="use of undeclared identifier &apos;m&apos;" />
 <error level="error" id="err_undeclared_var_use" file="C:\Users\Erik\documents\visual studio 2015\Projects\building_bridges\Test_All/../Matrix.h" line="367" col="5" msg="use of undeclared identifier &apos;m&apos;" />
 <error level="error" id="err_undeclared_var_use" file="C:\Users\Erik\documents\visual studio 2015\Projects\building_bridges\Test_All/../Matrix.h" line="379" col="5" msg="use of undeclared identifier &apos;connected_bid&apos;" />
 <error level="error" id="err_undeclared_var_use" file="C:\Users\Erik\documents\visual studio 2015\Projects\building_bridges\Test_All/../Matrix.h" line="392" col="30" msg="use of undeclared identifier &apos;m&apos;" />
 <error level="error" id="err_undeclared_var_use" file="C:\Users\Erik\documents\visual studio 2015\Projects\building_bridges\Test_All/../Matrix.h" line="392" col="39" msg="use of undeclared identifier &apos;m&apos;" />
 <error level="error" id="err_undeclared_var_use" file="C:\Users\Erik\documents\visual studio 2015\Projects\building_bridges\Test_All/../Matrix.h" line="402" col="21" msg="use of undeclared identifier &apos;connected_bid&apos;" />
 <error level="error" id="err_undeclared_var_use" file="C:\Users\Erik\documents\visual studio 2015\Projects\building_bridges\Test_All/../Matrix.h" line="409" col="50" msg="use of undeclared identifier &apos;symmetric_corner_inners&apos;" />
 <error level="error" id="err_undeclared_var_use" file="C:\Users\Erik\documents\visual studio 2015\Projects\building_bridges\Test_All/../Matrix.h" line="410" col="27" msg="use of undeclared identifier &apos;symmetric_corner_inners&apos;" />
 <error level="error" id="err_undeclared_var_use" file="C:\Users\Erik\documents\visual studio 2015\Projects\building_bridges\Test_All/../Matrix.h" line="410" col="67" msg="use of undeclared identifier &apos;symmetric_corner_inners&apos;" />
 <error level="error" id="err_undeclared_var_use" file="C:\Users\Erik\documents\visual studio 2015\Projects\building_bridges\Test_All/../Matrix.h" line="439" col="42" msg="use of undeclared identifier &apos;symmetric_corner_inners&apos;" />
 <error level="error" id="err_undeclared_var_use" file="C:\Users\Erik\documents\visual studio 2015\Projects\building_bridges\Test_All/../Matrix.h" line="440" col="19" msg="use of undeclared identifier &apos;symmetric_corner_inners&apos;" />
 <error level="error" id="err_undeclared_var_use" file="C:\Users\Erik\documents\visual studio 2015\Projects\building_bridges\Test_All/../Matrix.h" line="440" col="59" msg="use of undeclared identifier &apos;symmetric_corner_inners&apos;" />
 <error level="error" id="err_undeclared_var_use" file="C:\Users\Erik\documents\visual studio 2015\Projects\building_bridges\Test_All/../Matrix.h" line="440" col="117" msg="use of undeclared identifier &apos;symmetric_corner_inners&apos;" />
 <error level="error" id="err_undeclared_var_use" file="C:\Users\Erik\documents\visual studio 2015\Projects\building_bridges\Test_All/../Matrix.h" line="448" col="13" msg="use of undeclared identifier &apos;connected_bid&apos;" />
 <error level="error" id="err_undeclared_var_use" file="C:\Users\Erik\documents\visual studio 2015\Projects\building_bridges\Test_All/../Matrix.h" line="467" col="17" msg="use of undeclared identifier &apos;m&apos;" />
 <error level="error" id="err_undeclared_var_use" file="C:\Users\Erik\documents\visual studio 2015\Projects\building_bridges\Test_All/../Matrix.h" line="491" col="13" msg="use of undeclared identifier &apos;m&apos;" />
 <error level="error" id="err_undeclared_var_use" file="C:\Users\Erik\documents\visual studio 2015\Projects\building_bridges\Test_All/../Matrix.h" line="492" col="13" msg="use of undeclared identifier &apos;m&apos;" />
 <error level="error" id="err_undeclared_var_use" file="C:\Users\Erik\documents\visual studio 2015\Projects\building_bridges\Test_All/../Matrix.h" line="506" col="13" msg="use of undeclared identifier &apos;m&apos;" />
 <error level="error" id="err_param_default_argument_redefinition" file="C:\Users\Erik\documents\visual studio 2015\Projects\building_bridges\Test_All/../Matrix.h" line="511" col="65" msg="redefinition of default argument" />
 <error level="error" id="err_param_default_argument_redefinition" file="C:\Users\Erik\documents\visual studio 2015\Projects\building_bridges\Test_All/../Matrix.h" line="519" col="66" msg="redefinition of default argument" />
 <error level="error" id="err_param_default_argument_redefinition" file="C:\Users\Erik\documents\visual studio 2015\Projects\building_bridges\Test_All/../Matrix.h" line="527" col="63" msg="redefinition of default argument" />
 <error level="error" id="err_param_default_argument_redefinition" file="C:\Users\Erik\documents\visual studio 2015\Projects\building_bridges\Test_All/../Matrix.h" line="535" col="65" msg="redefinition of default argument" />
 <error level="error" id="err_param_default_argument_redefinition" file="C:\Users\Erik\documents\visual studio 2015\Projects\building_bridges\Test_All/../Matrix.h" line="543" col="62" msg="redefinition of default argument" />
 <error level="error" id="err_param_default_argument_redefinition" file="C:\Users\Erik\documents\visual studio 2015\Projects\building_bridges\Test_All/../Matrix.h" line="551" col="63" msg="redefinition of default argument" />
 <error level="error" id="err_param_default_argument_redefinition" file="C:\Users\Erik\documents\visual studio 2015\Projects\building_bridges\Test_All/../Matrix.h" line="559" col="60" msg="redefinition of default argument" />
 <error level="error" id="err_param_default_argument_redefinition" file="C:\Users\Erik\documents\visual studio 2015\Projects\building_bridges\Test_All/../Matrix.h" line="567" col="62" msg="redefinition of default argument" />
 <error level="error" id="err_expected_qualified_after_typename" file="C:\Users\Erik\documents\visual studio 2015\Projects\building_bridges\Test_All/../Matrix.h" line="575" col="10" msg="expected a qualified name after &apos;typename&apos;" />
 <error level="error" id="err_expected_unqualified_id" file="C:\Users\Erik\documents\visual studio 2015\Projects\building_bridges\Test_All/../Matrix.h" line="575" col="10" msg="expected unqualified-id" />
 <error level="error" id="err_template_spec_needs_header" file="C:\Users\Erik\documents\visual studio 2015\Projects\building_bridges\Test_All/../Header.h" line="9" col="22" msg="template specialization requires &apos;template&lt;&gt;&apos;" />
 <error level="error" id="err_undeclared_var_use" file="C:\Users\Erik\documents\visual studio 2015\Projects\building_bridges\Test_All/../Header.h" line="15" col="13" msg="use of undeclared identifier &apos;m&apos;" />
 <error level="error" id="err_undeclared_var_use" file="C:\Users\Erik\documents\visual studio 2015\Projects\building_bridges\Test_All/../Header.h" line="63" col="9" msg="use of undeclared identifier &apos;m&apos;" />
 <error level="error" id="err_undeclared_var_use" file="C:\Users\Erik\documents\visual studio 2015\Projects\building_bridges\Test_All/../Header.h" line="232" col="41" msg="use of undeclared identifier &apos;m&apos;" />
 <error level="error" id="err_undeclared_var_use" file="C:\Users\Erik\documents\visual studio 2015\Projects\building_bridges\Test_All/../Header.h" line="242" col="27" msg="use of undeclared identifier &apos;m&apos;" />
 <error level="error" id="err_undeclared_var_use" file="C:\Users\Erik\documents\visual studio 2015\Projects\building_bridges\Test_All/../Header.h" line="256" col="39" msg="use of undeclared identifier &apos;m&apos;" />
 <error level="error" id="err_undeclared_var_use" file="C:\Users\Erik\documents\visual studio 2015\Projects\building_bridges\Test_All/../Header.h" line="277" col="41" msg="use of undeclared identifier &apos;m&apos;" />
 <error level="error" id="err_undeclared_var_use" file="C:\Users\Erik\documents\visual studio 2015\Projects\building_bridges\Test_All/../Header.h" line="287" col="27" msg="use of undeclared identifier &apos;m&apos;" />
 <error level="error" id="err_undeclared_var_use" file="C:\Users\Erik\documents\visual studio 2015\Projects\building_bridges\Test_All/../Header.h" line="301" col="41" msg="use of undeclared identifier &apos;m&apos;" />
 <error level="error" id="err_ovl_no_viable_function_in_init" file="C:\Users\Erik\documents\visual studio 2015\Projects\building_bridges\Test_All/../Header.h" line="319" col="12" msg="no matching constructor for initialization of &apos;pair&lt;Matrix&lt;Vertex *&gt;::iterator, char&gt;&apos;" />
 <error level="error" id="err_undeclared_var_use" file="C:\Users\Erik\documents\visual studio 2015\Projects\building_bridges\Test_All/../Header.h" line="328" col="20" msg="use of undeclared identifier &apos;m&apos;" />
 <error level="error" id="err_undeclared_var_use" file="C:\Users\Erik\documents\visual studio 2015\Projects\building_bridges\Test_All/../Header.h" line="330" col="24" msg="use of undeclared identifier &apos;m&apos;" />
 <error level="error" id="err_undeclared_var_use" file="C:\Users\Erik\documents\visual studio 2015\Projects\building_bridges\Test_All/../Header.h" line="353" col="25" msg="use of undeclared identifier &apos;m&apos;" />
 <error level="error" id="err_undeclared_var_use" file="C:\Users\Erik\documents\visual studio 2015\Projects\building_bridges\Test_All/../Header.h" line="354" col="29" msg="use of undeclared identifier &apos;m&apos;" />
 <error level="error" id="err_undeclared_var_use" file="C:\Users\Erik\documents\visual studio 2015\Projects\building_bridges\Test_All/../Header.h" line="355" col="13" msg="use of undeclared identifier &apos;m&apos;" />
 <error level="error" id="err_undeclared_var_use" file="C:\Users\Erik\documents\visual studio 2015\Projects\building_bridges\Test_All/../Header.h" line="366" col="5" msg="use of undeclared identifier &apos;m&apos;" />
 <error level="warning" id="warn_dangling_else" file="C:\Users\Erik\documents\visual studio 2015\Projects\building_bridges\Test_All\main.cpp" line="62" col="13" msg="add explicit braces to avoid dangling else" />
 <error level="error" id="err_undeclared_var_use" file="C:\Users\Erik\documents\visual studio 2015\Projects\building_bridges\Test_All\main.cpp" line="72" col="9" msg="use of undeclared identifier &apos;m&apos;" />
 <error level="error" id="err_undeclared_var_use" file="C:\Users\Erik\documents\visual studio 2015\Projects\building_bridges\Test_All\main.cpp" line="73" col="9" msg="use of undeclared identifier &apos;m&apos;" />
 <error level="error" id="err_undeclared_var_use" file="C:\Users\Erik\documents\visual studio 2015\Projects\building_bridges\Test_All\main.cpp" line="75" col="9" msg="use of undeclared identifier &apos;m&apos;" />
 <error level="error" id="err_undeclared_var_use" file="C:\Users\Erik\documents\visual studio 2015\Projects\building_bridges\Test_All\main.cpp" line="76" col="9" msg="use of undeclared identifier &apos;m&apos;" />
 <error level="error" id="err_undeclared_var_use" file="C:\Users\Erik\documents\visual studio 2015\Projects\building_bridges\Test_All\main.cpp" line="78" col="9" msg="use of undeclared identifier &apos;m&apos;" />
 <error level="note" id="note_function_template_spec_here" file="C:\Users\Erik\documents\visual studio 2015\Projects\building_bridges\Test_All\main.cpp" line="21" col="18" msg="in instantiation of function template specialization &apos;std::remove_if&lt;std::_String_iterator&lt;std::_String_val&lt;std::_Simple_types&lt;char&gt; &gt; &gt;, (lambda at C:\Users\Erik\documents\visual studio 2015\Projects\building_bridges\Test_All\main.cpp:21:48)&gt;&apos; requested here" />
 <error level="note" id="note_function_template_spec_here" file="C:\Users\Erik\documents\visual studio 2015\Projects\building_bridges\Test_All\main.cpp" line="21" col="18" msg="in instantiation of function template specialization &apos;std::remove_if&lt;std::_String_iterator&lt;std::_String_val&lt;std::_Simple_types&lt;char&gt; &gt; &gt;, (lambda at C:\Users\Erik\documents\visual studio 2015\Projects\building_bridges\Test_All\main.cpp:21:48)&gt;&apos; requested here" />
 <error level="note" id="note_template_member_function_here" file="C:\Users\Erik\documents\visual studio 2015\Projects\building_bridges\Test_All\main.cpp" line="21" col="7" msg="in instantiation of member function &apos;std::basic_string&lt;char, std::char_traits&lt;char&gt;, std::allocator&lt;char&gt; &gt;::erase&apos; requested here" />
 <error level="note" id="note_template_member_function_here" file="C:\Users\Erik\documents\visual studio 2015\Projects\building_bridges\Test_All\main.cpp" line="35" col="23" msg="in instantiation of member function &apos;std::basic_stringstream&lt;char, std::char_traits&lt;char&gt;, std::allocator&lt;char&gt; &gt;::basic_stringstream&apos; requested here" />
 <error level="note" id="note_template_member_function_here" file="C:\Users\Erik\documents\visual studio 2015\Projects\building_bridges\Test_All\main.cpp" line="35" col="23" msg="in instantiation of member function &apos;std::basic_stringstream&lt;char, std::char_traits&lt;char&gt;, std::allocator&lt;char&gt; &gt;::basic_stringstream&apos; requested here" />
 <error level="note" id="note_template_member_function_here" file="C:\Users\Erik\documents\visual studio 2015\Projects\building_bridges\Test_All\main.cpp" line="40" col="33" msg="in instantiation of member function &apos;std::basic_stringstream&lt;char, std::char_traits&lt;char&gt;, std::allocator&lt;char&gt; &gt;::str&apos; requested here" />
 <error level="note" id="note_function_template_spec_here" file="C:\Users\Erik\documents\visual studio 2015\Projects\building_bridges\Test_All\main.cpp" line="56" col="52" msg="in instantiation of function template specialization &apos;std::experimental::filesystem::v1::path::path&lt;char, std::char_traits&lt;char&gt;, std::allocator&lt;char&gt; &gt;&apos; requested here" />
 <error level="note" id="note_template_member_function_here" file="C:\Users\Erik\documents\visual studio 2015\Projects\building_bridges\Test_All\main.cpp" line="60" col="24" msg="in instantiation of member function &apos;std::basic_string&lt;char, std::char_traits&lt;char&gt;, std::allocator&lt;char&gt; &gt;::operator=&apos; requested here" />
 <error level="note" id="note_template_member_function_here" file="C:\Users\Erik\documents\visual studio 2015\Projects\building_bridges\Test_All\main.cpp" line="60" col="24" msg="in instantiation of member function &apos;std::basic_string&lt;char, std::char_traits&lt;char&gt;, std::allocator&lt;char&gt; &gt;::operator=&apos; requested here" />
</log>